<?xml version="1.0" encoding="UTF-8"?>
<!-- Generated by org.testng.reporters.JUnitReportReporter -->
<testsuite hostname="HPDA0089" name="com.qainfotech.Tatoc.Cucumber_Tatoc.Test02Advanced" tests="1" failures="0" timestamp="22 May 2018 04:19:35 GMT" time="5.400" errors="0">
  <testcase name="feature" time="5.400" classname="com.qainfotech.Tatoc.Cucumber_Tatoc.Test02Advanced"/>
</testsuite> <!-- com.qainfotech.Tatoc.Cucumber_Tatoc.Test02Advanced -->
