<?xml version="1.0" encoding="UTF-8"?>
<!-- Generated by org.testng.reporters.JUnitReportReporter -->
<testsuite hostname="HPDA0089" name="com.qainfotech.Tatoc.Cucumber_Tatoc.Test01Basic" tests="1" failures="0" timestamp="22 May 2018 04:19:35 GMT" time="9.349" errors="0">
  <testcase name="feature" time="9.349" classname="com.qainfotech.Tatoc.Cucumber_Tatoc.Test01Basic"/>
</testsuite> <!-- com.qainfotech.Tatoc.Cucumber_Tatoc.Test01Basic -->
